<?xml version="1.0" encoding="utf-8"?><testsuites name="pytest tests"><testsuite name="pytest" errors="0" failures="0" skipped="0" tests="14" time="4.114" timestamp="2026-06-27T23:33:33.025793+00:00" hostname="agent-env-2b987e9a-4e68-4557-9874-dfcc1ee0cc19"><testcase classname="tests.test_admin_ban_csv.TestCsvExports" name="test_users_export_csv" time="0.720" /><testcase classname="tests.test_admin_ban_csv.TestBanUnban" name="test_ban_then_login_blocked" time="2.107" /><testcase classname="tests.test_admin_ban_csv.TestCsvExports" name="test_conversations_export_csv" time="1.198" /><testcase classname="tests.test_admin_ban_csv.TestCsvExports" name="test_messages_export_csv" time="0.104" /><testcase classname="tests.test_admin_ban_csv.TestCsvExports" name="test_exports_require_auth" time="0.787" /><testcase classname="tests.test_admin_ban_csv.TestBanUnban" name="test_unban_restores_access" time="0.548" /><testcase classname="tests.test_admin_ban_csv.TestBanUnban" name="test_cannot_ban_admin" time="0.193" /><testcase classname="tests.test_admin_ban_csv.TestRegression" name="test_admin_stats" time="0.097" /><testcase classname="tests.test_admin_ban_csv.TestRegression" name="test_admin_conversations" time="0.362" /><testcase classname="tests.test_admin_ban_csv.TestBanUnban" name="test_non_admin_cannot_ban" time="0.524" /><testcase classname="tests.test_admin_ban_csv.TestRegression" name="test_admin_conversation_detail" time="0.103" /><testcase classname="tests.test_admin_ban_csv.TestBanUnban" name="test_ban_non_existent_user" time="0.113" /><testcase classname="tests.test_admin_ban_csv.TestAdminAuth" name="test_admin_login_returns_token_and_user" time="0.000" /><testcase classname="tests.test_admin_ban_csv.TestAdminAuth" name="test_admin_users_includes_is_banned" time="0.097" /></testsuite></testsuites>