<?xml version="1.0" encoding="utf-8"?><testsuites name="pytest tests"><testsuite name="pytest" errors="0" failures="0" skipped="0" tests="26" time="18.811" timestamp="2026-06-28T00:44:31.124286+00:00" hostname="agent-env-2b987e9a-4e68-4557-9874-dfcc1ee0cc19"><testcase classname="tests.test_full_regression.TestForgotPassword" name="test_happy_path_case_insensitive" time="3.064" /><testcase classname="tests.test_full_regression.TestAdminFlows" name="test_non_admin_blocked" time="2.227" /><testcase classname="tests.test_full_regression.TestAdminFlows" name="test_ban_unban_and_login" time="4.307" /><testcase classname="tests.test_full_regression.TestForgotPassword" name="test_wrong_answer_rejected" time="3.123" /><testcase classname="tests.test_full_regression.TestForgotPassword" name="test_unknown_identifier_same_401" time="0.098" /><testcase classname="tests.test_full_regression.TestForgotPassword" name="test_admin_blocked" time="0.246" /><testcase classname="tests.test_full_regression.TestForgotPassword" name="test_legacy_user_no_recovery" time="2.219" /><testcase classname="tests.test_full_regression.TestAdminFlows" name="test_admin_password_reset" time="1.982" /><testcase classname="tests.test_full_regression.TestAdminFlows" name="test_cannot_reset_admin" time="0.221" /><testcase classname="tests.test_full_regression.TestRegistration" name="test_register_with_recovery_succeeds" time="1.234" /><testcase classname="tests.test_full_regression.TestAdminFlows" name="test_non_admin_cannot_reset" time="2.361" /><testcase classname="tests.test_full_regression.TestRegistration" name="test_register_missing_recovery_rejected" time="0.996" /><testcase classname="tests.test_full_regression.TestRegistration" name="test_register_duplicate_username" time="1.948" /><testcase classname="tests.test_full_regression.TestAdminFlows" name="test_delete_user_cascades_and_reuse" time="4.294" /><testcase classname="tests.test_full_regression.TestLogin" name="test_admin_login" time="0.322" /><testcase classname="tests.test_full_regression.TestLogin" name="test_alice_login" time="0.314" /><testcase classname="tests.test_full_regression.TestLogin" name="test_wrong_password" time="0.321" /><testcase classname="tests.test_full_regression.TestUpload" name="test_upload_image" time="0.501" /><testcase classname="tests.test_full_regression.TestUpload" name="test_upload_audio_m4a" time="1.178" /><testcase classname="tests.test_full_regression.TestAdminFlows" name="test_delete_guards" time="1.440" /><testcase classname="tests.test_full_regression.TestUpload" name="test_upload_audio_webm" time="0.260" /><testcase classname="tests.test_full_regression.TestBannedAccess" name="test_banned_me_and_ws" time="1.375" /><testcase classname="tests.test_full_regression.TestCsvExportsRegression" name="test_users_csv" time="0.110" /><testcase classname="tests.test_full_regression.TestCsvExportsRegression" name="test_convos_csv" time="0.095" /><testcase classname="tests.test_full_regression.TestCsvExportsRegression" name="test_csv_no_token" time="0.097" /><testcase classname="tests.test_full_regression.TestWebsocketDelivery" name="test_alice_sends_bob_receives" time="0.994" /></testsuite></testsuites>